<?xml version="1.0" encoding="UTF-8"?>
<testng-results skipped="0" failed="0" ignored="0" total="1" passed="1">
  <reporter-output>
  </reporter-output>
  <suite name="TestNG" duration-ms="8669" started-at="2018-04-24T08:45:51Z" finished-at="2018-04-24T08:46:00Z">
    <groups>
    </groups>
    <test name="Test Annotation" duration-ms="8669" started-at="2018-04-24T08:45:51Z" finished-at="2018-04-24T08:46:00Z">
      <class name="TestGreeting">
        <test-method status="PASS" signature="Test1()[pri:0, instance:TestGreeting@1a23b66]" name="Test1" duration-ms="8632" started-at="2018-04-24T16:45:51Z" finished-at="2018-04-24T16:46:00Z">
          <reporter-output>
          </reporter-output>
        </test-method> <!-- Test1 -->
      </class> <!-- TestGreeting -->
    </test> <!-- Test Annotation -->
  </suite> <!-- TestNG -->
</testng-results>
